 Deprication Notice:
       ======================================================================
         From now on, the plugin that is being used to render a route is
         able to be changed by the user. You can do this by adding or
         enabling the plugin in the scully.json file. For your convenience,
         we loaded the Puppeteer plugin for you.

         To disable this warning enable the plugin of your choiche.
         for Puppteer please add:
             import '@scullyio/scully-plugin-puppeteer';
          to your scully.blog.config.ts file.

          When you get this waring while not using scully-plugin-puppeteer
          you need to set the defaultRouteRenderer to the name of your plugin.
          The defaultRouteRenderer is now set to 'routeRenderer'.
       ======================================================================
(You can skip this, or any future question by using the --noPrompt flag)
 Deprication Notice:
       ======================================================================
         From now on, the plugin that is being used to render a route is
         able to be changed by the user. You can do this by adding or
         enabling the plugin in the scully.json file. For your convenience,
         we loaded the Puppeteer plugin for you.

         To disable this warning enable the plugin of your choiche.
         for Puppteer please add:
             import '@scullyio/scully-plugin-puppeteer';
          to your scully.blog.config.ts file.

          When you get this waring while not using scully-plugin-puppeteer
          you need to set the defaultRouteRenderer to the name of your plugin.
          The defaultRouteRenderer is now set to 'routeRenderer'.
       ======================================================================
----------------------------------Using stored unhandled routes!.   To discover new routes in the angular app use "npm run scully -- --scanRoutes"----------------------------------



 Deprication Notice:
       ======================================================================
         From now on, the plugin that is being used to render a route is
         able to be changed by the user. You can do this by adding or
         enabling the plugin in the scully.json file. For your convenience,
         we loaded the Puppeteer plugin for you.

         To disable this warning enable the plugin of your choiche.
         for Puppteer please add:
             import '@scullyio/scully-plugin-puppeteer';
          to your scully.blog.config.ts file.

          When you get this waring while not using scully-plugin-puppeteer
          you need to set the defaultRouteRenderer to the name of your plugin.
          The defaultRouteRenderer is now set to 'routeRenderer'.
       ======================================================================
----------------------------------Using stored unhandled routes!.   To discover new routes in the angular app use "npm run scully -- --scanRoutes"----------------------------------



 Deprication Notice:
       ======================================================================
         From now on, the plugin that is being used to render a route is
         able to be changed by the user. You can do this by adding or
         enabling the plugin in the scully.json file. For your convenience,
         we loaded the Puppeteer plugin for you.

         To disable this warning enable the plugin of your choiche.
         for Puppteer please add:
             import '@scullyio/scully-plugin-puppeteer';
          to your scully.blog.config.ts file.

          When you get this waring while not using scully-plugin-puppeteer
          you need to set the defaultRouteRenderer to the name of your plugin.
          The defaultRouteRenderer is now set to 'routeRenderer'.
       ======================================================================
----------------------------------Using stored unhandled routes!.   To discover new routes in the angular app use "npm run scully -- --scanRoutes"----------------------------------



 Deprication Notice:
       ======================================================================
         From now on, the plugin that is being used to render a route is
         able to be changed by the user. You can do this by adding or
         enabling the plugin in the scully.json file. For your convenience,
         we loaded the Puppeteer plugin for you.

         To disable this warning enable the plugin of your choiche.
         for Puppteer please add:
             import '@scullyio/scully-plugin-puppeteer';
          to your scully.blog.config.ts file.

          When you get this waring while not using scully-plugin-puppeteer
          you need to set the defaultRouteRenderer to the name of your plugin.
          The defaultRouteRenderer is now set to 'routeRenderer'.
       ======================================================================
----------------------------------Using stored unhandled routes!.   To discover new routes in the angular app use "npm run scully -- --scanRoutes"----------------------------------



NOTICE:
****************************************************************************************
  This is a development tool for Scully applications.
  You can ignore the warning (TLS) or run scully with --no-warning
****************************************************************************************handleUnknownRoute: "/about", 404:""
handleUnknownRoute: "/aboutme", 404:""
 Deprication Notice:
       ======================================================================
         From now on, the plugin that is being used to render a route is
         able to be changed by the user. You can do this by adding or
         enabling the plugin in the scully.json file. For your convenience,
         we loaded the Puppeteer plugin for you.

         To disable this warning enable the plugin of your choiche.
         for Puppteer please add:
             import '@scullyio/scully-plugin-puppeteer';
          to your scully.blog.config.ts file.

          When you get this waring while not using scully-plugin-puppeteer
          you need to set the defaultRouteRenderer to the name of your plugin.
          The defaultRouteRenderer is now set to 'routeRenderer'.
       ======================================================================
----------------------------------Using stored unhandled routes!.   To discover new routes in the angular app use "npm run scully -- --scanRoutes"----------------------------------



handleUnknownRoute: "/aboutme", 404:""
handleUnknownRoute: "/aboutme", 404:""
 Deprication Notice:
       ======================================================================
         From now on, the plugin that is being used to render a route is
         able to be changed by the user. You can do this by adding or
         enabling the plugin in the scully.json file. For your convenience,
         we loaded the Puppeteer plugin for you.

         To disable this warning enable the plugin of your choiche.
         for Puppteer please add:
             import '@scullyio/scully-plugin-puppeteer';
          to your scully.blog.config.ts file.

          When you get this waring while not using scully-plugin-puppeteer
          you need to set the defaultRouteRenderer to the name of your plugin.
          The defaultRouteRenderer is now set to 'routeRenderer'.
       ======================================================================
----------------------------------Using stored unhandled routes!.   To discover new routes in the angular app use "npm run scully -- --scanRoutes"----------------------------------



 Deprication Notice:
       ======================================================================
         From now on, the plugin that is being used to render a route is
         able to be changed by the user. You can do this by adding or
         enabling the plugin in the scully.json file. For your convenience,
         we loaded the Puppeteer plugin for you.

         To disable this warning enable the plugin of your choiche.
         for Puppteer please add:
             import '@scullyio/scully-plugin-puppeteer';
          to your scully.blog.config.ts file.

          When you get this waring while not using scully-plugin-puppeteer
          you need to set the defaultRouteRenderer to the name of your plugin.
          The defaultRouteRenderer is now set to 'routeRenderer'.
       ======================================================================
----------------------------------Using stored unhandled routes!.   To discover new routes in the angular app use "npm run scully -- --scanRoutes"----------------------------------



 Deprication Notice:
       ======================================================================
         From now on, the plugin that is being used to render a route is
         able to be changed by the user. You can do this by adding or
         enabling the plugin in the scully.json file. For your convenience,
         we loaded the Puppeteer plugin for you.

         To disable this warning enable the plugin of your choiche.
         for Puppteer please add:
             import '@scullyio/scully-plugin-puppeteer';
          to your scully.blog.config.ts file.

          When you get this waring while not using scully-plugin-puppeteer
          you need to set the defaultRouteRenderer to the name of your plugin.
          The defaultRouteRenderer is now set to 'routeRenderer'.
       ======================================================================
----------------------------------Using stored unhandled routes!.   To discover new routes in the angular app use "npm run scully -- --scanRoutes"----------------------------------



 Deprication Notice:
       ======================================================================
         From now on, the plugin that is being used to render a route is
         able to be changed by the user. You can do this by adding or
         enabling the plugin in the scully.json file. For your convenience,
         we loaded the Puppeteer plugin for you.

         To disable this warning enable the plugin of your choiche.
         for Puppteer please add:
             import '@scullyio/scully-plugin-puppeteer';
          to your scully.blog.config.ts file.

          When you get this waring while not using scully-plugin-puppeteer
          you need to set the defaultRouteRenderer to the name of your plugin.
          The defaultRouteRenderer is now set to 'routeRenderer'.
       ======================================================================
----------------------------------Using stored unhandled routes!.   To discover new routes in the angular app use "npm run scully -- --scanRoutes"----------------------------------



 Deprication Notice:
       ======================================================================
         From now on, the plugin that is being used to render a route is
         able to be changed by the user. You can do this by adding or
         enabling the plugin in the scully.json file. For your convenience,
         we loaded the Puppeteer plugin for you.

         To disable this warning enable the plugin of your choiche.
         for Puppteer please add:
             import '@scullyio/scully-plugin-puppeteer';
          to your scully.blog.config.ts file.

          When you get this waring while not using scully-plugin-puppeteer
          you need to set the defaultRouteRenderer to the name of your plugin.
          The defaultRouteRenderer is now set to 'routeRenderer'.
       ======================================================================
----------------------------------Using stored unhandled routes!.   To discover new routes in the angular app use "npm run scully -- --scanRoutes"----------------------------------



 Deprication Notice:
       ======================================================================
         From now on, the plugin that is being used to render a route is
         able to be changed by the user. You can do this by adding or
         enabling the plugin in the scully.json file. For your convenience,
         we loaded the Puppeteer plugin for you.

         To disable this warning enable the plugin of your choiche.
         for Puppteer please add:
             import '@scullyio/scully-plugin-puppeteer';
          to your scully.blog.config.ts file.

          When you get this waring while not using scully-plugin-puppeteer
          you need to set the defaultRouteRenderer to the name of your plugin.
          The defaultRouteRenderer is now set to 'routeRenderer'.
       ======================================================================
 Deprication Notice:
       ======================================================================
         From now on, the plugin that is being used to render a route is
         able to be changed by the user. You can do this by adding or
         enabling the plugin in the scully.json file. For your convenience,
         we loaded the Puppeteer plugin for you.

         To disable this warning enable the plugin of your choiche.
         for Puppteer please add:
             import '@scullyio/scully-plugin-puppeteer';
          to your scully.blog.config.ts file.

          When you get this waring while not using scully-plugin-puppeteer
          you need to set the defaultRouteRenderer to the name of your plugin.
          The defaultRouteRenderer is now set to 'routeRenderer'.
       ======================================================================
----------------------------------Using stored unhandled routes!.   To discover new routes in the angular app use "npm run scully -- --scanRoutes"----------------------------------



 Deprication Notice:
       ======================================================================
         From now on, the plugin that is being used to render a route is
         able to be changed by the user. You can do this by adding or
         enabling the plugin in the scully.json file. For your convenience,
         we loaded the Puppeteer plugin for you.

         To disable this warning enable the plugin of your choiche.
         for Puppteer please add:
             import '@scullyio/scully-plugin-puppeteer';
          to your scully.blog.config.ts file.

          When you get this waring while not using scully-plugin-puppeteer
          you need to set the defaultRouteRenderer to the name of your plugin.
          The defaultRouteRenderer is now set to 'routeRenderer'.
       ======================================================================
----------------------------------Using stored unhandled routes!.   To discover new routes in the angular app use "npm run scully -- --scanRoutes"----------------------------------



 Deprication Notice:
       ======================================================================
         From now on, the plugin that is being used to render a route is
         able to be changed by the user. You can do this by adding or
         enabling the plugin in the scully.json file. For your convenience,
         we loaded the Puppeteer plugin for you.

         To disable this warning enable the plugin of your choiche.
         for Puppteer please add:
             import '@scullyio/scully-plugin-puppeteer';
          to your scully.blog.config.ts file.

          When you get this waring while not using scully-plugin-puppeteer
          you need to set the defaultRouteRenderer to the name of your plugin.
          The defaultRouteRenderer is now set to 'routeRenderer'.
       ======================================================================
----------------------------------Using stored unhandled routes!.   To discover new routes in the angular app use "npm run scully -- --scanRoutes"----------------------------------



 Deprecation Notice:
       ======================================================================
         From now on, the plugin that is being used to render a route is
         able to be changed by the user. You can do this by adding or
         enabling the plugin your scully.blog.config.ts
         file. For your convenience, we loaded the Puppeteer plugin for you.

         To disable this warning enable the plugin of your choice.
         for Puppeteer please add:
             import '@scullyio/scully-plugin-puppeteer';
          to your scully.blog.config.ts file.

          When you get this warning while not using scully-plugin-puppeteer
          you need to set the defaultRouteRenderer to the name of your plugin.
          The defaultRouteRenderer is now set to 'routeRenderer'.
       ======================================================================
